{"total": {"lines":{"total":1372,"covered":1342,"skipped":0,"pct":97.81},"statements":{"total":1372,"covered":1342,"skipped":0,"pct":97.81},"functions":{"total":107,"covered":105,"skipped":0,"pct":98.13},"branches":{"total":535,"covered":510,"skipped":0,"pct":95.32},"branchesTrue":{"total":0,"covered":0,"skipped":0,"pct":100}}
,"/Users/bnannier/Workspaces/Olympus/athena/src/hooks/useCopyToClipboard.ts": {"lines":{"total":22,"covered":22,"skipped":0,"pct":100},"functions":{"total":1,"covered":1,"skipped":0,"pct":100},"statements":{"total":22,"covered":22,"skipped":0,"pct":100},"branches":{"total":6,"covered":6,"skipped":0,"pct":100}}
,"/Users/bnannier/Workspaces/Olympus/athena/src/hooks/useDebounce.ts": {"lines":{"total":13,"covered":13,"skipped":0,"pct":100},"functions":{"total":1,"covered":1,"skipped":0,"pct":100},"statements":{"total":13,"covered":13,"skipped":0,"pct":100},"branches":{"total":4,"covered":4,"skipped":0,"pct":100}}
,"/Users/bnannier/Workspaces/Olympus/athena/src/hooks/useDialog.ts": {"lines":{"total":13,"covered":13,"skipped":0,"pct":100},"functions":{"total":1,"covered":1,"skipped":0,"pct":100},"statements":{"total":13,"covered":13,"skipped":0,"pct":100},"branches":{"total":5,"covered":5,"skipped":0,"pct":100}}
,"/Users/bnannier/Workspaces/Olympus/athena/src/hooks/useFormatters.ts": {"lines":{"total":122,"covered":112,"skipped":0,"pct":91.8},"functions":{"total":1,"covered":1,"skipped":0,"pct":100},"statements":{"total":122,"covered":112,"skipped":0,"pct":91.8},"branches":{"total":51,"covered":46,"skipped":0,"pct":90.19}}
,"/Users/bnannier/Workspaces/Olympus/athena/src/hooks/usePagination.ts": {"lines":{"total":46,"covered":46,"skipped":0,"pct":100},"functions":{"total":1,"covered":1,"skipped":0,"pct":100},"statements":{"total":46,"covered":46,"skipped":0,"pct":100},"branches":{"total":9,"covered":9,"skipped":0,"pct":100}}
,"/Users/bnannier/Workspaces/Olympus/athena/src/hooks/useRetryRequest.ts": {"lines":{"total":90,"covered":88,"skipped":0,"pct":97.77},"functions":{"total":6,"covered":5,"skipped":0,"pct":83.33},"statements":{"total":90,"covered":88,"skipped":0,"pct":97.77},"branches":{"total":43,"covered":42,"skipped":0,"pct":97.67}}
,"/Users/bnannier/Workspaces/Olympus/athena/src/hooks/useSearch.ts": {"lines":{"total":14,"covered":14,"skipped":0,"pct":100},"functions":{"total":1,"covered":1,"skipped":0,"pct":100},"statements":{"total":14,"covered":14,"skipped":0,"pct":100},"branches":{"total":8,"covered":8,"skipped":0,"pct":100}}
,"/Users/bnannier/Workspaces/Olympus/athena/src/hooks/useSocialConnections.ts": {"lines":{"total":80,"covered":80,"skipped":0,"pct":100},"functions":{"total":11,"covered":11,"skipped":0,"pct":100},"statements":{"total":80,"covered":80,"skipped":0,"pct":100},"branches":{"total":26,"covered":26,"skipped":0,"pct":100}}
,"/Users/bnannier/Workspaces/Olympus/athena/src/hooks/useToggle.ts": {"lines":{"total":14,"covered":14,"skipped":0,"pct":100},"functions":{"total":1,"covered":1,"skipped":0,"pct":100},"statements":{"total":14,"covered":14,"skipped":0,"pct":100},"branches":{"total":5,"covered":5,"skipped":0,"pct":100}}
,"/Users/bnannier/Workspaces/Olympus/athena/src/lib/auth.ts": {"lines":{"total":9,"covered":9,"skipped":0,"pct":100},"functions":{"total":2,"covered":2,"skipped":0,"pct":100},"statements":{"total":9,"covered":9,"skipped":0,"pct":100},"branches":{"total":2,"covered":2,"skipped":0,"pct":100}}
,"/Users/bnannier/Workspaces/Olympus/athena/src/lib/cookie-options.ts": {"lines":{"total":13,"covered":13,"skipped":0,"pct":100},"functions":{"total":2,"covered":2,"skipped":0,"pct":100},"statements":{"total":13,"covered":13,"skipped":0,"pct":100},"branches":{"total":2,"covered":2,"skipped":0,"pct":100}}
,"/Users/bnannier/Workspaces/Olympus/athena/src/lib/crypto-edge.ts": {"lines":{"total":33,"covered":33,"skipped":0,"pct":100},"functions":{"total":2,"covered":2,"skipped":0,"pct":100},"statements":{"total":33,"covered":33,"skipped":0,"pct":100},"branches":{"total":13,"covered":13,"skipped":0,"pct":100}}
,"/Users/bnannier/Workspaces/Olympus/athena/src/lib/crypto.ts": {"lines":{"total":41,"covered":41,"skipped":0,"pct":100},"functions":{"total":3,"covered":3,"skipped":0,"pct":100},"statements":{"total":41,"covered":41,"skipped":0,"pct":100},"branches":{"total":12,"covered":12,"skipped":0,"pct":100}}
,"/Users/bnannier/Workspaces/Olympus/athena/src/lib/csp.ts": {"lines":{"total":16,"covered":16,"skipped":0,"pct":100},"functions":{"total":1,"covered":1,"skipped":0,"pct":100},"statements":{"total":16,"covered":16,"skipped":0,"pct":100},"branches":{"total":3,"covered":3,"skipped":0,"pct":100}}
,"/Users/bnannier/Workspaces/Olympus/athena/src/lib/date-utils.ts": {"lines":{"total":67,"covered":61,"skipped":0,"pct":91.04},"functions":{"total":4,"covered":4,"skipped":0,"pct":100},"statements":{"total":67,"covered":61,"skipped":0,"pct":91.04},"branches":{"total":32,"covered":30,"skipped":0,"pct":93.75}}
,"/Users/bnannier/Workspaces/Olympus/athena/src/lib/demo.ts": {"lines":{"total":5,"covered":5,"skipped":0,"pct":100},"functions":{"total":1,"covered":1,"skipped":0,"pct":100},"statements":{"total":5,"covered":5,"skipped":0,"pct":100},"branches":{"total":4,"covered":4,"skipped":0,"pct":100}}
,"/Users/bnannier/Workspaces/Olympus/athena/src/lib/http-client.ts": {"lines":{"total":171,"covered":168,"skipped":0,"pct":98.24},"functions":{"total":18,"covered":18,"skipped":0,"pct":100},"statements":{"total":171,"covered":168,"skipped":0,"pct":98.24},"branches":{"total":65,"covered":53,"skipped":0,"pct":81.53}}
,"/Users/bnannier/Workspaces/Olympus/athena/src/lib/logger.ts": {"lines":{"total":113,"covered":111,"skipped":0,"pct":98.23},"functions":{"total":20,"covered":20,"skipped":0,"pct":100},"statements":{"total":113,"covered":111,"skipped":0,"pct":98.23},"branches":{"total":47,"covered":45,"skipped":0,"pct":95.74}}
,"/Users/bnannier/Workspaces/Olympus/athena/src/lib/m2m-scopes.ts": {"lines":{"total":19,"covered":19,"skipped":0,"pct":100},"functions":{"total":0,"covered":0,"skipped":0,"pct":100},"statements":{"total":19,"covered":19,"skipped":0,"pct":100},"branches":{"total":0,"covered":0,"skipped":0,"pct":100}}
,"/Users/bnannier/Workspaces/Olympus/athena/src/lib/mfa-methods.ts": {"lines":{"total":7,"covered":7,"skipped":0,"pct":100},"functions":{"total":1,"covered":1,"skipped":0,"pct":100},"statements":{"total":7,"covered":7,"skipped":0,"pct":100},"branches":{"total":5,"covered":5,"skipped":0,"pct":100}}
,"/Users/bnannier/Workspaces/Olympus/athena/src/lib/navGuard.ts": {"lines":{"total":18,"covered":18,"skipped":0,"pct":100},"functions":{"total":4,"covered":4,"skipped":0,"pct":100},"statements":{"total":18,"covered":18,"skipped":0,"pct":100},"branches":{"total":7,"covered":7,"skipped":0,"pct":100}}
,"/Users/bnannier/Workspaces/Olympus/athena/src/lib/pagination-utils.ts": {"lines":{"total":84,"covered":82,"skipped":0,"pct":97.61},"functions":{"total":4,"covered":4,"skipped":0,"pct":100},"statements":{"total":84,"covered":82,"skipped":0,"pct":97.61},"branches":{"total":37,"covered":36,"skipped":0,"pct":97.29}}
,"/Users/bnannier/Workspaces/Olympus/athena/src/lib/session.ts": {"lines":{"total":58,"covered":58,"skipped":0,"pct":100},"functions":{"total":5,"covered":5,"skipped":0,"pct":100},"statements":{"total":58,"covered":58,"skipped":0,"pct":100},"branches":{"total":32,"covered":31,"skipped":0,"pct":96.87}}
,"/Users/bnannier/Workspaces/Olympus/athena/src/lib/startup-validation.ts": {"lines":{"total":13,"covered":13,"skipped":0,"pct":100},"functions":{"total":1,"covered":1,"skipped":0,"pct":100},"statements":{"total":13,"covered":13,"skipped":0,"pct":100},"branches":{"total":5,"covered":5,"skipped":0,"pct":100}}
,"/Users/bnannier/Workspaces/Olympus/athena/src/lib/utils.ts": {"lines":{"total":1,"covered":1,"skipped":0,"pct":100},"functions":{"total":0,"covered":0,"skipped":0,"pct":100},"statements":{"total":1,"covered":1,"skipped":0,"pct":100},"branches":{"total":0,"covered":0,"skipped":0,"pct":100}}
,"/Users/bnannier/Workspaces/Olympus/athena/src/lib/social-connections/audit.ts": {"lines":{"total":18,"covered":18,"skipped":0,"pct":100},"functions":{"total":1,"covered":1,"skipped":0,"pct":100},"statements":{"total":18,"covered":18,"skipped":0,"pct":100},"branches":{"total":1,"covered":1,"skipped":0,"pct":100}}
,"/Users/bnannier/Workspaces/Olympus/athena/src/lib/social-connections/reload-client.ts": {"lines":{"total":30,"covered":30,"skipped":0,"pct":100},"functions":{"total":1,"covered":1,"skipped":0,"pct":100},"statements":{"total":30,"covered":30,"skipped":0,"pct":100},"branches":{"total":16,"covered":15,"skipped":0,"pct":93.75}}
,"/Users/bnannier/Workspaces/Olympus/athena/src/lib/social-connections/serializers.ts": {"lines":{"total":15,"covered":15,"skipped":0,"pct":100},"functions":{"total":2,"covered":2,"skipped":0,"pct":100},"statements":{"total":15,"covered":15,"skipped":0,"pct":100},"branches":{"total":2,"covered":2,"skipped":0,"pct":100}}
,"/Users/bnannier/Workspaces/Olympus/athena/src/lib/social-connections/validation.ts": {"lines":{"total":61,"covered":56,"skipped":0,"pct":91.8},"functions":{"total":5,"covered":4,"skipped":0,"pct":80},"statements":{"total":61,"covered":56,"skipped":0,"pct":91.8},"branches":{"total":25,"covered":25,"skipped":0,"pct":100}}
,"/Users/bnannier/Workspaces/Olympus/athena/src/utils/api-wrapper.ts": {"lines":{"total":57,"covered":57,"skipped":0,"pct":100},"functions":{"total":3,"covered":3,"skipped":0,"pct":100},"statements":{"total":57,"covered":57,"skipped":0,"pct":100},"branches":{"total":30,"covered":30,"skipped":0,"pct":100}}
,"/Users/bnannier/Workspaces/Olympus/athena/src/utils/errors.ts": {"lines":{"total":109,"covered":109,"skipped":0,"pct":100},"functions":{"total":3,"covered":3,"skipped":0,"pct":100},"statements":{"total":109,"covered":109,"skipped":0,"pct":100},"branches":{"total":38,"covered":38,"skipped":0,"pct":100}}
}
